<?xml version="1.0" encoding="UTF-8"?>
<!DOCTYPE coverage SYSTEM "https://raw.githubusercontent.com/cobertura/cobertura/master/cobertura/src/site/htdocs/xml/coverage-04.dtd">
<coverage line-rate="0.685308848080134" branch-rate="0" lines-covered="821" lines-valid="1198" branches-covered="0" branches-valid="0" complexity="0" version="3.6.5" timestamp="2026-06-24 22:01:25.962981">
  <sources>
    <source>/Users/klxr27@durham.ac.uk/Documents/GIT/NHSRwaitinglist</source>
  </sources>
  <packages>
    <package name="NHSRwaitinglist" line-rate="0.685308848080134" branch-rate="0" complexity="0">
      <classes>
        <class name="aggregate_histogram.R" filename="R/aggregate_histogram.R" line-rate="0" branch-rate="0" complexity="0">
          <methods>
            <method name="aggregate_histogram" signature="" line-rate="0" branch-rate="0" complexity="0">
              <lines>
                <line number="22" hits="0" branch="false"/>
                <line number="23" hits="0" branch="false"/>
                <line number="24" hits="0" branch="false"/>
                <line number="27" hits="0" branch="false"/>
                <line number="28" hits="0" branch="false"/>
                <line number="30" hits="0" branch="false"/>
                <line number="32" hits="0" branch="false"/>
                <line number="33" hits="0" branch="false"/>
                <line number="34" hits="0" branch="false"/>
                <line number="35" hits="0" branch="false"/>
              </lines>
            </method>
          </methods>
          <lines>
            <line number="22" hits="0" branch="false"/>
            <line number="23" hits="0" branch="false"/>
            <line number="24" hits="0" branch="false"/>
            <line number="27" hits="0" branch="false"/>
            <line number="28" hits="0" branch="false"/>
            <line number="30" hits="0" branch="false"/>
            <line number="32" hits="0" branch="false"/>
            <line number="33" hits="0" branch="false"/>
            <line number="34" hits="0" branch="false"/>
            <line number="35" hits="0" branch="false"/>
          </lines>
        </class>
        <class name="calc_index.R" filename="R/calc_index.R" line-rate="0.958333333333333" branch-rate="0" complexity="0">
          <methods>
            <method name="calc_index" signature="" line-rate="0.958333333333333" branch-rate="0" complexity="0">
              <lines>
                <line number="18" hits="15" branch="false"/>
                <line number="19" hits="2" branch="false"/>
                <line number="20" hits="2" branch="false"/>
                <line number="23" hits="13" branch="false"/>
                <line number="24" hits="1" branch="false"/>
                <line number="25" hits="1" branch="false"/>
                <line number="26" hits="12" branch="false"/>
                <line number="27" hits="4" branch="false"/>
                <line number="28" hits="8" branch="false"/>
                <line number="29" hits="4" branch="false"/>
                <line number="30" hits="4" branch="false"/>
                <line number="31" hits="1" branch="false"/>
                <line number="32" hits="3" branch="false"/>
                <line number="33" hits="1" branch="false"/>
                <line number="35" hits="2" branch="false"/>
                <line number="36" hits="2" branch="false"/>
                <line number="37" hits="2" branch="false"/>
                <line number="41" hits="10" branch="false"/>
                <line number="42" hits="10" branch="false"/>
                <line number="43" hits="10" branch="false"/>
                <line number="45" hits="0" branch="false"/>
                <line number="47" hits="10" branch="false"/>
                <line number="48" hits="10" branch="false"/>
                <line number="51" hits="10" branch="false"/>
              </lines>
            </method>
          </methods>
          <lines>
            <line number="18" hits="15" branch="false"/>
            <line number="19" hits="2" branch="false"/>
            <line number="20" hits="2" branch="false"/>
            <line number="23" hits="13" branch="false"/>
            <line number="24" hits="1" branch="false"/>
            <line number="25" hits="1" branch="false"/>
            <line number="26" hits="12" branch="false"/>
            <line number="27" hits="4" branch="false"/>
            <line number="28" hits="8" branch="false"/>
            <line number="29" hits="4" branch="false"/>
            <line number="30" hits="4" branch="false"/>
            <line number="31" hits="1" branch="false"/>
            <line number="32" hits="3" branch="false"/>
            <line number="33" hits="1" branch="false"/>
            <line number="35" hits="2" branch="false"/>
            <line number="36" hits="2" branch="false"/>
            <line number="37" hits="2" branch="false"/>
            <line number="41" hits="10" branch="false"/>
            <line number="42" hits="10" branch="false"/>
            <line number="43" hits="10" branch="false"/>
            <line number="45" hits="0" branch="false"/>
            <line number="47" hits="10" branch="false"/>
            <line number="48" hits="10" branch="false"/>
            <line number="51" hits="10" branch="false"/>
          </lines>
        </class>
        <class name="calc_priority_to_target.R" filename="R/calc_priority_to_target.R" line-rate="1" branch-rate="0" complexity="0">
          <methods>
            <method name="calc_priority_to_target" signature="" line-rate="1" branch-rate="0" complexity="0">
              <lines>
                <line number="13" hits="1327" branch="false"/>
                <line number="14" hits="65" branch="false"/>
                <line number="15" hits="1262" branch="false"/>
                <line number="16" hits="273" branch="false"/>
                <line number="17" hits="989" branch="false"/>
                <line number="18" hits="352" branch="false"/>
                <line number="20" hits="637" branch="false"/>
              </lines>
            </method>
          </methods>
          <lines>
            <line number="13" hits="1327" branch="false"/>
            <line number="14" hits="65" branch="false"/>
            <line number="15" hits="1262" branch="false"/>
            <line number="16" hits="273" branch="false"/>
            <line number="17" hits="989" branch="false"/>
            <line number="18" hits="352" branch="false"/>
            <line number="20" hits="637" branch="false"/>
          </lines>
        </class>
        <class name="calc_queue_load.R" filename="R/calc_queue_load.R" line-rate="1" branch-rate="0" complexity="0">
          <methods>
            <method name="calc_queue_load" signature="" line-rate="1" branch-rate="0" complexity="0">
              <lines>
                <line number="24" hits="9" branch="false"/>
                <line number="25" hits="7" branch="false"/>
                <line number="27" hits="7" branch="false"/>
              </lines>
            </method>
          </methods>
          <lines>
            <line number="24" hits="9" branch="false"/>
            <line number="25" hits="7" branch="false"/>
            <line number="27" hits="7" branch="false"/>
          </lines>
        </class>
        <class name="calc_relief_capacity.R" filename="R/calc_relief_capacity.R" line-rate="0.666666666666667" branch-rate="0" complexity="0">
          <methods>
            <method name="calc_relief_capacity" signature="" line-rate="0.666666666666667" branch-rate="0" complexity="0">
              <lines>
                <line number="48" hits="8" branch="false"/>
                <line number="50" hits="4" branch="false"/>
                <line number="51" hits="0" branch="false"/>
                <line number="52" hits="0" branch="false"/>
                <line number="56" hits="4" branch="false"/>
                <line number="57" hits="4" branch="false"/>
              </lines>
            </method>
          </methods>
          <lines>
            <line number="48" hits="8" branch="false"/>
            <line number="50" hits="4" branch="false"/>
            <line number="51" hits="0" branch="false"/>
            <line number="52" hits="0" branch="false"/>
            <line number="56" hits="4" branch="false"/>
            <line number="57" hits="4" branch="false"/>
          </lines>
        </class>
        <class name="calc_target_capacity.R" filename="R/calc_target_capacity.R" line-rate="1" branch-rate="0" complexity="0">
          <methods>
            <method name="calc_target_capacity" signature="" line-rate="1" branch-rate="0" complexity="0">
              <lines>
                <line number="41" hits="12" branch="false"/>
                <line number="42" hits="7" branch="false"/>
                <line number="43" hits="7" branch="false"/>
                <line number="44" hits="7" branch="false"/>
              </lines>
            </method>
          </methods>
          <lines>
            <line number="41" hits="12" branch="false"/>
            <line number="42" hits="7" branch="false"/>
            <line number="43" hits="7" branch="false"/>
            <line number="44" hits="7" branch="false"/>
          </lines>
        </class>
        <class name="calc_target_mean_wait.R" filename="R/calc_target_mean_wait.R" line-rate="1" branch-rate="0" complexity="0">
          <methods>
            <method name="calc_target_mean_wait" signature="" line-rate="1" branch-rate="0" complexity="0">
              <lines>
                <line number="27" hits="14" branch="false"/>
                <line number="28" hits="12" branch="false"/>
                <line number="29" hits="12" branch="false"/>
              </lines>
            </method>
          </methods>
          <lines>
            <line number="27" hits="14" branch="false"/>
            <line number="28" hits="12" branch="false"/>
            <line number="29" hits="12" branch="false"/>
          </lines>
        </class>
        <class name="calc_target_queue_size.R" filename="R/calc_target_queue_size.R" line-rate="1" branch-rate="0" complexity="0">
          <methods>
            <method name="calc_target_queue_size" signature="" line-rate="1" branch-rate="0" complexity="0">
              <lines>
                <line number="36" hits="11" branch="false"/>
                <line number="37" hits="8" branch="false"/>
                <line number="38" hits="8" branch="false"/>
                <line number="39" hits="8" branch="false"/>
              </lines>
            </method>
          </methods>
          <lines>
            <line number="36" hits="11" branch="false"/>
            <line number="37" hits="8" branch="false"/>
            <line number="38" hits="8" branch="false"/>
            <line number="39" hits="8" branch="false"/>
          </lines>
        </class>
        <class name="calc_waiting_list_pressure.R" filename="R/calc_waiting_list_pressure.R" line-rate="1" branch-rate="0" complexity="0">
          <methods>
            <method name="calc_waiting_list_pressure" signature="" line-rate="1" branch-rate="0" complexity="0">
              <lines>
                <line number="22" hits="9" branch="false"/>
                <line number="23" hits="7" branch="false"/>
                <line number="25" hits="7" branch="false"/>
              </lines>
            </method>
          </methods>
          <lines>
            <line number="22" hits="9" branch="false"/>
            <line number="23" hits="7" branch="false"/>
            <line number="25" hits="7" branch="false"/>
          </lines>
        </class>
        <class name="create_waiting_list.R" filename="R/create_waiting_list.R" line-rate="1" branch-rate="0" complexity="0">
          <methods>
            <method name="create_waiting_list" signature="" line-rate="1" branch-rate="0" complexity="0">
              <lines>
                <line number="45" hits="11" branch="false"/>
                <line number="46" hits="2" branch="false"/>
                <line number="49" hits="9" branch="false"/>
                <line number="53" hits="9" branch="false"/>
                <line number="54" hits="9" branch="false"/>
                <line number="55" hits="9" branch="false"/>
                <line number="56" hits="9" branch="false"/>
                <line number="57" hits="9" branch="false"/>
                <line number="58" hits="9" branch="false"/>
                <line number="59" hits="9" branch="false"/>
                <line number="63" hits="9" branch="false"/>
                <line number="66" hits="9" branch="false"/>
                <line number="67" hits="9" branch="false"/>
                <line number="71" hits="9" branch="false"/>
                <line number="72" hits="8" branch="false"/>
                <line number="73" hits="8" branch="false"/>
                <line number="74" hits="8" branch="false"/>
                <line number="78" hits="9" branch="false"/>
                <line number="79" hits="9" branch="false"/>
                <line number="80" hits="9" branch="false"/>
                <line number="81" hits="9" branch="false"/>
                <line number="82" hits="9" branch="false"/>
                <line number="85" hits="9" branch="false"/>
                <line number="86" hits="9" branch="false"/>
                <line number="87" hits="9" branch="false"/>
                <line number="88" hits="9" branch="false"/>
                <line number="89" hits="9" branch="false"/>
                <line number="90" hits="9" branch="false"/>
                <line number="91" hits="9" branch="false"/>
                <line number="92" hits="9" branch="false"/>
                <line number="94" hits="9" branch="false"/>
              </lines>
            </method>
          </methods>
          <lines>
            <line number="45" hits="11" branch="false"/>
            <line number="46" hits="2" branch="false"/>
            <line number="49" hits="9" branch="false"/>
            <line number="53" hits="9" branch="false"/>
            <line number="54" hits="9" branch="false"/>
            <line number="55" hits="9" branch="false"/>
            <line number="56" hits="9" branch="false"/>
            <line number="57" hits="9" branch="false"/>
            <line number="58" hits="9" branch="false"/>
            <line number="59" hits="9" branch="false"/>
            <line number="63" hits="9" branch="false"/>
            <line number="66" hits="9" branch="false"/>
            <line number="67" hits="9" branch="false"/>
            <line number="71" hits="9" branch="false"/>
            <line number="72" hits="8" branch="false"/>
            <line number="73" hits="8" branch="false"/>
            <line number="74" hits="8" branch="false"/>
            <line number="78" hits="9" branch="false"/>
            <line number="79" hits="9" branch="false"/>
            <line number="80" hits="9" branch="false"/>
            <line number="81" hits="9" branch="false"/>
            <line number="82" hits="9" branch="false"/>
            <line number="85" hits="9" branch="false"/>
            <line number="86" hits="9" branch="false"/>
            <line number="87" hits="9" branch="false"/>
            <line number="88" hits="9" branch="false"/>
            <line number="89" hits="9" branch="false"/>
            <line number="90" hits="9" branch="false"/>
            <line number="91" hits="9" branch="false"/>
            <line number="92" hits="9" branch="false"/>
            <line number="94" hits="9" branch="false"/>
          </lines>
        </class>
        <class name="format_histogram.R" filename="R/format_histogram.R" line-rate="0" branch-rate="0" complexity="0">
          <methods>
            <method name="format_histogram" signature="" line-rate="0" branch-rate="0" complexity="0">
              <lines>
                <line number="37" hits="0" branch="false"/>
                <line number="38" hits="0" branch="false"/>
                <line number="39" hits="0" branch="false"/>
                <line number="40" hits="0" branch="false"/>
                <line number="41" hits="0" branch="false"/>
                <line number="42" hits="0" branch="false"/>
                <line number="43" hits="0" branch="false"/>
                <line number="45" hits="0" branch="false"/>
                <line number="46" hits="0" branch="false"/>
                <line number="47" hits="0" branch="false"/>
                <line number="48" hits="0" branch="false"/>
                <line number="50" hits="0" branch="false"/>
                <line number="53" hits="0" branch="false"/>
                <line number="57" hits="0" branch="false"/>
                <line number="61" hits="0" branch="false"/>
                <line number="62" hits="0" branch="false"/>
                <line number="64" hits="0" branch="false"/>
                <line number="66" hits="0" branch="false"/>
                <line number="67" hits="0" branch="false"/>
                <line number="69" hits="0" branch="false"/>
                <line number="70" hits="0" branch="false"/>
                <line number="71" hits="0" branch="false"/>
                <line number="72" hits="0" branch="false"/>
                <line number="73" hits="0" branch="false"/>
                <line number="74" hits="0" branch="false"/>
                <line number="75" hits="0" branch="false"/>
                <line number="76" hits="0" branch="false"/>
                <line number="81" hits="0" branch="false"/>
                <line number="82" hits="0" branch="false"/>
                <line number="83" hits="0" branch="false"/>
                <line number="86" hits="0" branch="false"/>
                <line number="87" hits="0" branch="false"/>
                <line number="88" hits="0" branch="false"/>
                <line number="89" hits="0" branch="false"/>
                <line number="91" hits="0" branch="false"/>
                <line number="94" hits="0" branch="false"/>
              </lines>
            </method>
          </methods>
          <lines>
            <line number="37" hits="0" branch="false"/>
            <line number="38" hits="0" branch="false"/>
            <line number="39" hits="0" branch="false"/>
            <line number="40" hits="0" branch="false"/>
            <line number="41" hits="0" branch="false"/>
            <line number="42" hits="0" branch="false"/>
            <line number="43" hits="0" branch="false"/>
            <line number="45" hits="0" branch="false"/>
            <line number="46" hits="0" branch="false"/>
            <line number="47" hits="0" branch="false"/>
            <line number="48" hits="0" branch="false"/>
            <line number="50" hits="0" branch="false"/>
            <line number="53" hits="0" branch="false"/>
            <line number="57" hits="0" branch="false"/>
            <line number="61" hits="0" branch="false"/>
            <line number="62" hits="0" branch="false"/>
            <line number="64" hits="0" branch="false"/>
            <line number="66" hits="0" branch="false"/>
            <line number="67" hits="0" branch="false"/>
            <line number="69" hits="0" branch="false"/>
            <line number="70" hits="0" branch="false"/>
            <line number="71" hits="0" branch="false"/>
            <line number="72" hits="0" branch="false"/>
            <line number="73" hits="0" branch="false"/>
            <line number="74" hits="0" branch="false"/>
            <line number="75" hits="0" branch="false"/>
            <line number="76" hits="0" branch="false"/>
            <line number="81" hits="0" branch="false"/>
            <line number="82" hits="0" branch="false"/>
            <line number="83" hits="0" branch="false"/>
            <line number="86" hits="0" branch="false"/>
            <line number="87" hits="0" branch="false"/>
            <line number="88" hits="0" branch="false"/>
            <line number="89" hits="0" branch="false"/>
            <line number="91" hits="0" branch="false"/>
            <line number="94" hits="0" branch="false"/>
          </lines>
        </class>
        <class name="rtt_improvement.R" filename="R/rtt_improvement.R" line-rate="0.752212389380531" branch-rate="0" complexity="0">
          <methods>
            <method name="plot_rtt_journey" signature="" line-rate="1" branch-rate="0" complexity="0">
              <lines>
                <line number="17" hits="11" branch="false"/>
                <line number="18" hits="9" branch="false"/>
                <line number="21" hits="7" branch="false"/>
                <line number="24" hits="7" branch="false"/>
                <line number="26" hits="7" branch="false"/>
                <line number="27" hits="7" branch="false"/>
                <line number="30" hits="7" branch="false"/>
                <line number="31" hits="7" branch="false"/>
                <line number="32" hits="7" branch="false"/>
                <line number="38" hits="7" branch="false"/>
                <line number="39" hits="7" branch="false"/>
                <line number="40" hits="7" branch="false"/>
                <line number="41" hits="7" branch="false"/>
                <line number="42" hits="7" branch="false"/>
                <line number="43" hits="7" branch="false"/>
                <line number="44" hits="7" branch="false"/>
                <line number="45" hits="7" branch="false"/>
                <line number="46" hits="7" branch="false"/>
                <line number="49" hits="7" branch="false"/>
                <line number="50" hits="7" branch="false"/>
                <line number="51" hits="7" branch="false"/>
                <line number="52" hits="7" branch="false"/>
                <line number="53" hits="7" branch="false"/>
                <line number="54" hits="7" branch="false"/>
                <line number="55" hits="7" branch="false"/>
                <line number="56" hits="7" branch="false"/>
                <line number="57" hits="7" branch="false"/>
                <line number="58" hits="7" branch="false"/>
                <line number="59" hits="7" branch="false"/>
                <line number="60" hits="7" branch="false"/>
                <line number="61" hits="7" branch="false"/>
                <line number="63" hits="7" branch="false"/>
                <line number="64" hits="7" branch="false"/>
                <line number="65" hits="7" branch="false"/>
                <line number="66" hits="7" branch="false"/>
                <line number="67" hits="7" branch="false"/>
                <line number="68" hits="7" branch="false"/>
                <line number="69" hits="7" branch="false"/>
                <line number="70" hits="7" branch="false"/>
                <line number="71" hits="7" branch="false"/>
                <line number="72" hits="7" branch="false"/>
                <line number="73" hits="7" branch="false"/>
                <line number="76" hits="7" branch="false"/>
                <line number="77" hits="7" branch="false"/>
                <line number="78" hits="7" branch="false"/>
                <line number="81" hits="7" branch="false"/>
                <line number="84" hits="7" branch="false"/>
                <line number="85" hits="7" branch="false"/>
                <line number="86" hits="7" branch="false"/>
                <line number="87" hits="7" branch="false"/>
                <line number="88" hits="7" branch="false"/>
                <line number="90" hits="7" branch="false"/>
                <line number="91" hits="7" branch="false"/>
                <line number="92" hits="7" branch="false"/>
                <line number="93" hits="7" branch="false"/>
                <line number="94" hits="7" branch="false"/>
                <line number="95" hits="7" branch="false"/>
                <line number="98" hits="7" branch="false"/>
                <line number="99" hits="7" branch="false"/>
                <line number="100" hits="7" branch="false"/>
                <line number="101" hits="7" branch="false"/>
                <line number="102" hits="7" branch="false"/>
                <line number="103" hits="7" branch="false"/>
                <line number="106" hits="7" branch="false"/>
                <line number="107" hits="7" branch="false"/>
                <line number="108" hits="7" branch="false"/>
                <line number="109" hits="7" branch="false"/>
                <line number="110" hits="7" branch="false"/>
                <line number="112" hits="7" branch="false"/>
                <line number="113" hits="7" branch="false"/>
                <line number="114" hits="7" branch="false"/>
                <line number="115" hits="7" branch="false"/>
                <line number="116" hits="7" branch="false"/>
                <line number="117" hits="7" branch="false"/>
                <line number="118" hits="7" branch="false"/>
                <line number="119" hits="7" branch="false"/>
                <line number="120" hits="7" branch="false"/>
                <line number="121" hits="7" branch="false"/>
                <line number="122" hits="7" branch="false"/>
                <line number="123" hits="7" branch="false"/>
                <line number="124" hits="7" branch="false"/>
                <line number="125" hits="7" branch="false"/>
                <line number="126" hits="7" branch="false"/>
                <line number="127" hits="7" branch="false"/>
                <line number="129" hits="7" branch="false"/>
              </lines>
            </method>
            <method name="rep_rtt_improvement" signature="" line-rate="0" branch-rate="0" complexity="0">
              <lines>
                <line number="142" hits="0" branch="false"/>
                <line number="143" hits="0" branch="false"/>
                <line number="146" hits="0" branch="false"/>
                <line number="147" hits="0" branch="false"/>
                <line number="148" hits="0" branch="false"/>
                <line number="149" hits="0" branch="false"/>
                <line number="150" hits="0" branch="false"/>
                <line number="152" hits="0" branch="false"/>
                <line number="153" hits="0" branch="false"/>
                <line number="157" hits="0" branch="false"/>
                <line number="158" hits="0" branch="false"/>
                <line number="159" hits="0" branch="false"/>
                <line number="160" hits="0" branch="false"/>
                <line number="161" hits="0" branch="false"/>
                <line number="162" hits="0" branch="false"/>
                <line number="165" hits="0" branch="false"/>
                <line number="166" hits="0" branch="false"/>
                <line number="167" hits="0" branch="false"/>
                <line number="168" hits="0" branch="false"/>
                <line number="171" hits="0" branch="false"/>
                <line number="172" hits="0" branch="false"/>
                <line number="173" hits="0" branch="false"/>
                <line number="174" hits="0" branch="false"/>
                <line number="175" hits="0" branch="false"/>
                <line number="176" hits="0" branch="false"/>
                <line number="179" hits="0" branch="false"/>
                <line number="180" hits="0" branch="false"/>
                <line number="181" hits="0" branch="false"/>
              </lines>
            </method>
          </methods>
          <lines>
            <line number="17" hits="11" branch="false"/>
            <line number="18" hits="9" branch="false"/>
            <line number="21" hits="7" branch="false"/>
            <line number="24" hits="7" branch="false"/>
            <line number="26" hits="7" branch="false"/>
            <line number="27" hits="7" branch="false"/>
            <line number="30" hits="7" branch="false"/>
            <line number="31" hits="7" branch="false"/>
            <line number="32" hits="7" branch="false"/>
            <line number="38" hits="7" branch="false"/>
            <line number="39" hits="7" branch="false"/>
            <line number="40" hits="7" branch="false"/>
            <line number="41" hits="7" branch="false"/>
            <line number="42" hits="7" branch="false"/>
            <line number="43" hits="7" branch="false"/>
            <line number="44" hits="7" branch="false"/>
            <line number="45" hits="7" branch="false"/>
            <line number="46" hits="7" branch="false"/>
            <line number="49" hits="7" branch="false"/>
            <line number="50" hits="7" branch="false"/>
            <line number="51" hits="7" branch="false"/>
            <line number="52" hits="7" branch="false"/>
            <line number="53" hits="7" branch="false"/>
            <line number="54" hits="7" branch="false"/>
            <line number="55" hits="7" branch="false"/>
            <line number="56" hits="7" branch="false"/>
            <line number="57" hits="7" branch="false"/>
            <line number="58" hits="7" branch="false"/>
            <line number="59" hits="7" branch="false"/>
            <line number="60" hits="7" branch="false"/>
            <line number="61" hits="7" branch="false"/>
            <line number="63" hits="7" branch="false"/>
            <line number="64" hits="7" branch="false"/>
            <line number="65" hits="7" branch="false"/>
            <line number="66" hits="7" branch="false"/>
            <line number="67" hits="7" branch="false"/>
            <line number="68" hits="7" branch="false"/>
            <line number="69" hits="7" branch="false"/>
            <line number="70" hits="7" branch="false"/>
            <line number="71" hits="7" branch="false"/>
            <line number="72" hits="7" branch="false"/>
            <line number="73" hits="7" branch="false"/>
            <line number="76" hits="7" branch="false"/>
            <line number="77" hits="7" branch="false"/>
            <line number="78" hits="7" branch="false"/>
            <line number="81" hits="7" branch="false"/>
            <line number="84" hits="7" branch="false"/>
            <line number="85" hits="7" branch="false"/>
            <line number="86" hits="7" branch="false"/>
            <line number="87" hits="7" branch="false"/>
            <line number="88" hits="7" branch="false"/>
            <line number="90" hits="7" branch="false"/>
            <line number="91" hits="7" branch="false"/>
            <line number="92" hits="7" branch="false"/>
            <line number="93" hits="7" branch="false"/>
            <line number="94" hits="7" branch="false"/>
            <line number="95" hits="7" branch="false"/>
            <line number="98" hits="7" branch="false"/>
            <line number="99" hits="7" branch="false"/>
            <line number="100" hits="7" branch="false"/>
            <line number="101" hits="7" branch="false"/>
            <line number="102" hits="7" branch="false"/>
            <line number="103" hits="7" branch="false"/>
            <line number="106" hits="7" branch="false"/>
            <line number="107" hits="7" branch="false"/>
            <line number="108" hits="7" branch="false"/>
            <line number="109" hits="7" branch="false"/>
            <line number="110" hits="7" branch="false"/>
            <line number="112" hits="7" branch="false"/>
            <line number="113" hits="7" branch="false"/>
            <line number="114" hits="7" branch="false"/>
            <line number="115" hits="7" branch="false"/>
            <line number="116" hits="7" branch="false"/>
            <line number="117" hits="7" branch="false"/>
            <line number="118" hits="7" branch="false"/>
            <line number="119" hits="7" branch="false"/>
            <line number="120" hits="7" branch="false"/>
            <line number="121" hits="7" branch="false"/>
            <line number="122" hits="7" branch="false"/>
            <line number="123" hits="7" branch="false"/>
            <line number="124" hits="7" branch="false"/>
            <line number="125" hits="7" branch="false"/>
            <line number="126" hits="7" branch="false"/>
            <line number="127" hits="7" branch="false"/>
            <line number="129" hits="7" branch="false"/>
            <line number="142" hits="0" branch="false"/>
            <line number="143" hits="0" branch="false"/>
            <line number="146" hits="0" branch="false"/>
            <line number="147" hits="0" branch="false"/>
            <line number="148" hits="0" branch="false"/>
            <line number="149" hits="0" branch="false"/>
            <line number="150" hits="0" branch="false"/>
            <line number="152" hits="0" branch="false"/>
            <line number="153" hits="0" branch="false"/>
            <line number="157" hits="0" branch="false"/>
            <line number="158" hits="0" branch="false"/>
            <line number="159" hits="0" branch="false"/>
            <line number="160" hits="0" branch="false"/>
            <line number="161" hits="0" branch="false"/>
            <line number="162" hits="0" branch="false"/>
            <line number="165" hits="0" branch="false"/>
            <line number="166" hits="0" branch="false"/>
            <line number="167" hits="0" branch="false"/>
            <line number="168" hits="0" branch="false"/>
            <line number="171" hits="0" branch="false"/>
            <line number="172" hits="0" branch="false"/>
            <line number="173" hits="0" branch="false"/>
            <line number="174" hits="0" branch="false"/>
            <line number="175" hits="0" branch="false"/>
            <line number="176" hits="0" branch="false"/>
            <line number="179" hits="0" branch="false"/>
            <line number="180" hits="0" branch="false"/>
            <line number="181" hits="0" branch="false"/>
          </lines>
        </class>
        <class name="sim_exponential_histogram.R" filename="R/sim_exponential_histogram.R" line-rate="0" branch-rate="0" complexity="0">
          <methods>
            <method name="sim_exponential_histogram" signature="" line-rate="0" branch-rate="0" complexity="0">
              <lines>
                <line number="23" hits="0" branch="false"/>
                <line number="24" hits="0" branch="false"/>
                <line number="25" hits="0" branch="false"/>
                <line number="26" hits="0" branch="false"/>
                <line number="27" hits="0" branch="false"/>
                <line number="29" hits="0" branch="false"/>
                <line number="34" hits="0" branch="false"/>
                <line number="36" hits="0" branch="false"/>
                <line number="37" hits="0" branch="false"/>
                <line number="38" hits="0" branch="false"/>
                <line number="41" hits="0" branch="false"/>
                <line number="44" hits="0" branch="false"/>
                <line number="46" hits="0" branch="false"/>
                <line number="47" hits="0" branch="false"/>
                <line number="50" hits="0" branch="false"/>
                <line number="54" hits="0" branch="false"/>
                <line number="57" hits="0" branch="false"/>
                <line number="58" hits="0" branch="false"/>
                <line number="59" hits="0" branch="false"/>
                <line number="60" hits="0" branch="false"/>
                <line number="61" hits="0" branch="false"/>
                <line number="63" hits="0" branch="false"/>
              </lines>
            </method>
          </methods>
          <lines>
            <line number="23" hits="0" branch="false"/>
            <line number="24" hits="0" branch="false"/>
            <line number="25" hits="0" branch="false"/>
            <line number="26" hits="0" branch="false"/>
            <line number="27" hits="0" branch="false"/>
            <line number="29" hits="0" branch="false"/>
            <line number="34" hits="0" branch="false"/>
            <line number="36" hits="0" branch="false"/>
            <line number="37" hits="0" branch="false"/>
            <line number="38" hits="0" branch="false"/>
            <line number="41" hits="0" branch="false"/>
            <line number="44" hits="0" branch="false"/>
            <line number="46" hits="0" branch="false"/>
            <line number="47" hits="0" branch="false"/>
            <line number="50" hits="0" branch="false"/>
            <line number="54" hits="0" branch="false"/>
            <line number="57" hits="0" branch="false"/>
            <line number="58" hits="0" branch="false"/>
            <line number="59" hits="0" branch="false"/>
            <line number="60" hits="0" branch="false"/>
            <line number="61" hits="0" branch="false"/>
            <line number="63" hits="0" branch="false"/>
          </lines>
        </class>
        <class name="sim_patients.R" filename="R/sim_patients.R" line-rate="0.979591836734694" branch-rate="0" complexity="0">
          <methods>
            <method name="sim_patients" signature="" line-rate="0.979591836734694" branch-rate="0" complexity="0">
              <lines>
                <line number="42" hits="9" branch="false"/>
                <line number="43" hits="1" branch="false"/>
                <line number="46" hits="8" branch="false"/>
                <line number="47" hits="7" branch="false"/>
                <line number="49" hits="8" branch="false"/>
                <line number="50" hits="0" branch="false"/>
                <line number="52" hits="8" branch="false"/>
                <line number="54" hits="8" branch="false"/>
                <line number="55" hits="8" branch="false"/>
                <line number="56" hits="8" branch="false"/>
                <line number="57" hits="8" branch="false"/>
                <line number="60" hits="8" branch="false"/>
                <line number="61" hits="8" branch="false"/>
                <line number="62" hits="8" branch="false"/>
                <line number="65" hits="8" branch="false"/>
                <line number="66" hits="8" branch="false"/>
                <line number="67" hits="8" branch="false"/>
                <line number="68" hits="8" branch="false"/>
                <line number="69" hits="8" branch="false"/>
                <line number="70" hits="8" branch="false"/>
                <line number="71" hits="8" branch="false"/>
                <line number="73" hits="8" branch="false"/>
                <line number="74" hits="8" branch="false"/>
                <line number="75" hits="8" branch="false"/>
                <line number="76" hits="8" branch="false"/>
                <line number="77" hits="8" branch="false"/>
                <line number="78" hits="8" branch="false"/>
                <line number="79" hits="8" branch="false"/>
                <line number="80" hits="8" branch="false"/>
                <line number="81" hits="8" branch="false"/>
                <line number="82" hits="8" branch="false"/>
                <line number="84" hits="8" branch="false"/>
                <line number="87" hits="8" branch="false"/>
                <line number="89" hits="8" branch="false"/>
                <line number="90" hits="8" branch="false"/>
                <line number="91" hits="8" branch="false"/>
                <line number="92" hits="8" branch="false"/>
                <line number="93" hits="8" branch="false"/>
                <line number="94" hits="8" branch="false"/>
                <line number="95" hits="8" branch="false"/>
                <line number="96" hits="8" branch="false"/>
                <line number="97" hits="8" branch="false"/>
                <line number="98" hits="8" branch="false"/>
                <line number="99" hits="8" branch="false"/>
                <line number="100" hits="8" branch="false"/>
                <line number="101" hits="8" branch="false"/>
                <line number="102" hits="8" branch="false"/>
                <line number="103" hits="8" branch="false"/>
                <line number="105" hits="8" branch="false"/>
              </lines>
            </method>
          </methods>
          <lines>
            <line number="42" hits="9" branch="false"/>
            <line number="43" hits="1" branch="false"/>
            <line number="46" hits="8" branch="false"/>
            <line number="47" hits="7" branch="false"/>
            <line number="49" hits="8" branch="false"/>
            <line number="50" hits="0" branch="false"/>
            <line number="52" hits="8" branch="false"/>
            <line number="54" hits="8" branch="false"/>
            <line number="55" hits="8" branch="false"/>
            <line number="56" hits="8" branch="false"/>
            <line number="57" hits="8" branch="false"/>
            <line number="60" hits="8" branch="false"/>
            <line number="61" hits="8" branch="false"/>
            <line number="62" hits="8" branch="false"/>
            <line number="65" hits="8" branch="false"/>
            <line number="66" hits="8" branch="false"/>
            <line number="67" hits="8" branch="false"/>
            <line number="68" hits="8" branch="false"/>
            <line number="69" hits="8" branch="false"/>
            <line number="70" hits="8" branch="false"/>
            <line number="71" hits="8" branch="false"/>
            <line number="73" hits="8" branch="false"/>
            <line number="74" hits="8" branch="false"/>
            <line number="75" hits="8" branch="false"/>
            <line number="76" hits="8" branch="false"/>
            <line number="77" hits="8" branch="false"/>
            <line number="78" hits="8" branch="false"/>
            <line number="79" hits="8" branch="false"/>
            <line number="80" hits="8" branch="false"/>
            <line number="81" hits="8" branch="false"/>
            <line number="82" hits="8" branch="false"/>
            <line number="84" hits="8" branch="false"/>
            <line number="87" hits="8" branch="false"/>
            <line number="89" hits="8" branch="false"/>
            <line number="90" hits="8" branch="false"/>
            <line number="91" hits="8" branch="false"/>
            <line number="92" hits="8" branch="false"/>
            <line number="93" hits="8" branch="false"/>
            <line number="94" hits="8" branch="false"/>
            <line number="95" hits="8" branch="false"/>
            <line number="96" hits="8" branch="false"/>
            <line number="97" hits="8" branch="false"/>
            <line number="98" hits="8" branch="false"/>
            <line number="99" hits="8" branch="false"/>
            <line number="100" hits="8" branch="false"/>
            <line number="101" hits="8" branch="false"/>
            <line number="102" hits="8" branch="false"/>
            <line number="103" hits="8" branch="false"/>
            <line number="105" hits="8" branch="false"/>
          </lines>
        </class>
        <class name="sim_schedule.R" filename="R/sim_schedule.R" line-rate="0.888888888888889" branch-rate="0" complexity="0">
          <methods>
            <method name="sim_schedule" signature="" line-rate="0.888888888888889" branch-rate="0" complexity="0">
              <lines>
                <line number="21" hits="9" branch="false"/>
                <line number="22" hits="0" branch="false"/>
                <line number="25" hits="9" branch="false"/>
                <line number="26" hits="9" branch="false"/>
                <line number="27" hits="9" branch="false"/>
                <line number="28" hits="9" branch="false"/>
                <line number="29" hits="9" branch="false"/>
                <line number="30" hits="9" branch="false"/>
                <line number="32" hits="9" branch="false"/>
              </lines>
            </method>
          </methods>
          <lines>
            <line number="21" hits="9" branch="false"/>
            <line number="22" hits="0" branch="false"/>
            <line number="25" hits="9" branch="false"/>
            <line number="26" hits="9" branch="false"/>
            <line number="27" hits="9" branch="false"/>
            <line number="28" hits="9" branch="false"/>
            <line number="29" hits="9" branch="false"/>
            <line number="30" hits="9" branch="false"/>
            <line number="32" hits="9" branch="false"/>
          </lines>
        </class>
        <class name="utils_dates.R" filename="R/utils_dates.R" line-rate="0" branch-rate="0" complexity="0">
          <methods>
            <method name="first_day_of_month" signature="" line-rate="0" branch-rate="0" complexity="0">
              <lines>
                <line number="2" hits="0" branch="false"/>
                <line number="3" hits="0" branch="false"/>
              </lines>
            </method>
            <method name="month_year_to_last_day" signature="" line-rate="0" branch-rate="0" complexity="0">
              <lines>
                <line number="7" hits="0" branch="false"/>
                <line number="8" hits="0" branch="false"/>
                <line number="11" hits="0" branch="false"/>
                <line number="12" hits="0" branch="false"/>
                <line number="13" hits="0" branch="false"/>
                <line number="14" hits="0" branch="false"/>
                <line number="15" hits="0" branch="false"/>
                <line number="16" hits="0" branch="false"/>
                <line number="17" hits="0" branch="false"/>
                <line number="20" hits="0" branch="false"/>
                <line number="21" hits="0" branch="false"/>
                <line number="22" hits="0" branch="false"/>
                <line number="23" hits="0" branch="false"/>
                <line number="24" hits="0" branch="false"/>
                <line number="25" hits="0" branch="false"/>
                <line number="27" hits="0" branch="false"/>
                <line number="28" hits="0" branch="false"/>
                <line number="31" hits="0" branch="false"/>
                <line number="32" hits="0" branch="false"/>
                <line number="33" hits="0" branch="false"/>
              </lines>
            </method>
            <method name="excel_report_date" signature="" line-rate="0" branch-rate="0" complexity="0">
              <lines>
                <line number="37" hits="0" branch="false"/>
                <line number="39" hits="0" branch="false"/>
                <line number="40" hits="0" branch="false"/>
                <line number="41" hits="0" branch="false"/>
                <line number="42" hits="0" branch="false"/>
                <line number="43" hits="0" branch="false"/>
                <line number="44" hits="0" branch="false"/>
                <line number="45" hits="0" branch="false"/>
                <line number="48" hits="0" branch="false"/>
              </lines>
            </method>
          </methods>
          <lines>
            <line number="2" hits="0" branch="false"/>
            <line number="3" hits="0" branch="false"/>
            <line number="7" hits="0" branch="false"/>
            <line number="8" hits="0" branch="false"/>
            <line number="11" hits="0" branch="false"/>
            <line number="12" hits="0" branch="false"/>
            <line number="13" hits="0" branch="false"/>
            <line number="14" hits="0" branch="false"/>
            <line number="15" hits="0" branch="false"/>
            <line number="16" hits="0" branch="false"/>
            <line number="17" hits="0" branch="false"/>
            <line number="20" hits="0" branch="false"/>
            <line number="21" hits="0" branch="false"/>
            <line number="22" hits="0" branch="false"/>
            <line number="23" hits="0" branch="false"/>
            <line number="24" hits="0" branch="false"/>
            <line number="25" hits="0" branch="false"/>
            <line number="27" hits="0" branch="false"/>
            <line number="28" hits="0" branch="false"/>
            <line number="31" hits="0" branch="false"/>
            <line number="32" hits="0" branch="false"/>
            <line number="33" hits="0" branch="false"/>
            <line number="37" hits="0" branch="false"/>
            <line number="39" hits="0" branch="false"/>
            <line number="40" hits="0" branch="false"/>
            <line number="41" hits="0" branch="false"/>
            <line number="42" hits="0" branch="false"/>
            <line number="43" hits="0" branch="false"/>
            <line number="44" hits="0" branch="false"/>
            <line number="45" hits="0" branch="false"/>
            <line number="48" hits="0" branch="false"/>
          </lines>
        </class>
        <class name="utils.R" filename="R/utils.R" line-rate="1" branch-rate="0" complexity="0">
          <methods>
            <method name="check_class" signature="" line-rate="1" branch-rate="0" complexity="0">
              <lines>
                <line number="13" hits="702" branch="false"/>
                <line number="16" hits="702" branch="false"/>
                <line number="17" hits="702" branch="false"/>
                <line number="18" hits="702" branch="false"/>
                <line number="19" hits="702" branch="false"/>
                <line number="21" hits="702" branch="false"/>
                <line number="22" hits="702" branch="false"/>
                <line number="23" hits="702" branch="false"/>
                <line number="24" hits="702" branch="false"/>
                <line number="29" hits="702" branch="false"/>
                <line number="30" hits="261" branch="false"/>
                <line number="33" hits="702" branch="false"/>
                <line number="34" hits="702" branch="false"/>
                <line number="35" hits="702" branch="false"/>
                <line number="36" hits="702" branch="false"/>
                <line number="39" hits="702" branch="false"/>
                <line number="40" hits="261" branch="false"/>
                <line number="45" hits="702" branch="false"/>
                <line number="46" hits="303" branch="false"/>
                <line number="49" hits="702" branch="false"/>
                <line number="51" hits="702" branch="false"/>
                <line number="52" hits="200" branch="false"/>
                <line number="53" hits="200" branch="false"/>
                <line number="55" hits="200" branch="false"/>
                <line number="56" hits="200" branch="false"/>
                <line number="57" hits="200" branch="false"/>
                <line number="58" hits="200" branch="false"/>
                <line number="59" hits="200" branch="false"/>
                <line number="60" hits="200" branch="false"/>
                <line number="61" hits="200" branch="false"/>
                <line number="63" hits="200" branch="false"/>
                <line number="64" hits="200" branch="false"/>
                <line number="65" hits="200" branch="false"/>
                <line number="66" hits="200" branch="false"/>
                <line number="67" hits="200" branch="false"/>
                <line number="68" hits="200" branch="false"/>
                <line number="69" hits="200" branch="false"/>
                <line number="70" hits="200" branch="false"/>
              </lines>
            </method>
            <method name="check_date" signature="" line-rate="1" branch-rate="0" complexity="0">
              <lines>
                <line number="93" hits="141" branch="false"/>
                <line number="95" hits="141" branch="false"/>
                <line number="97" hits="141" branch="false"/>
                <line number="98" hits="89" branch="false"/>
                <line number="101" hits="141" branch="false"/>
                <line number="102" hits="141" branch="false"/>
                <line number="103" hits="141" branch="false"/>
                <line number="104" hits="141" branch="false"/>
                <line number="105" hits="141" branch="false"/>
                <line number="109" hits="98" branch="false"/>
                <line number="110" hits="98" branch="false"/>
                <line number="111" hits="98" branch="false"/>
                <line number="112" hits="98" branch="false"/>
                <line number="114" hits="98" branch="false"/>
                <line number="115" hits="98" branch="false"/>
                <line number="116" hits="98" branch="false"/>
                <line number="118" hits="98" branch="false"/>
                <line number="119" hits="7" branch="false"/>
                <line number="120" hits="7" branch="false"/>
                <line number="121" hits="7" branch="false"/>
                <line number="122" hits="7" branch="false"/>
                <line number="123" hits="7" branch="false"/>
                <line number="124" hits="7" branch="false"/>
                <line number="125" hits="7" branch="false"/>
                <line number="126" hits="7" branch="false"/>
              </lines>
            </method>
            <method name="check_wl" signature="" line-rate="1" branch-rate="0" complexity="0">
              <lines>
                <line number="167" hits="206" branch="false"/>
                <line number="175" hits="206" branch="false"/>
                <line number="176" hits="205" branch="false"/>
                <line number="180" hits="170" branch="false"/>
                <line number="181" hits="169" branch="false"/>
                <line number="183" hits="169" branch="false"/>
                <line number="184" hits="169" branch="false"/>
                <line number="185" hits="169" branch="false"/>
                <line number="186" hits="169" branch="false"/>
                <line number="188" hits="169" branch="false"/>
                <line number="189" hits="10" branch="false"/>
                <line number="191" hits="10" branch="false"/>
                <line number="195" hits="161" branch="false"/>
                <line number="198" hits="161" branch="false"/>
                <line number="199" hits="17" branch="false"/>
                <line number="204" hits="144" branch="false"/>
                <line number="205" hits="144" branch="false"/>
                <line number="206" hits="144" branch="false"/>
                <line number="207" hits="144" branch="false"/>
                <line number="208" hits="144" branch="false"/>
                <line number="212" hits="117" branch="false"/>
                <line number="213" hits="117" branch="false"/>
                <line number="214" hits="117" branch="false"/>
                <line number="215" hits="117" branch="false"/>
                <line number="216" hits="117" branch="false"/>
                <line number="218" hits="117" branch="false"/>
                <line number="220" hits="117" branch="false"/>
                <line number="221" hits="7" branch="false"/>
                <line number="222" hits="7" branch="false"/>
                <line number="223" hits="7" branch="false"/>
                <line number="224" hits="7" branch="false"/>
                <line number="225" hits="7" branch="false"/>
                <line number="226" hits="7" branch="false"/>
                <line number="227" hits="7" branch="false"/>
                <line number="229" hits="7" branch="false"/>
                <line number="230" hits="7" branch="false"/>
                <line number="231" hits="7" branch="false"/>
                <line number="232" hits="7" branch="false"/>
                <line number="233" hits="7" branch="false"/>
                <line number="234" hits="7" branch="false"/>
                <line number="235" hits="7" branch="false"/>
                <line number="236" hits="7" branch="false"/>
                <line number="241" hits="110" branch="false"/>
                <line number="242" hits="170" branch="false"/>
                <line number="243" hits="170" branch="false"/>
                <line number="244" hits="170" branch="false"/>
                <line number="245" hits="170" branch="false"/>
                <line number="246" hits="170" branch="false"/>
                <line number="247" hits="170" branch="false"/>
                <line number="248" hits="170" branch="false"/>
              </lines>
            </method>
            <method name="check_column_exists" signature="" line-rate="1" branch-rate="0" complexity="0">
              <lines>
                <line number="291" hits="170" branch="false"/>
                <line number="292" hits="170" branch="false"/>
                <line number="294" hits="170" branch="false"/>
                <line number="295" hits="170" branch="false"/>
                <line number="297" hits="170" branch="false"/>
                <line number="298" hits="156" branch="false"/>
                <line number="300" hits="154" branch="false"/>
                <line number="302" hits="14" branch="false"/>
                <line number="303" hits="9" branch="false"/>
                <line number="304" hits="7" branch="false"/>
                <line number="306" hits="5" branch="false"/>
                <line number="307" hits="5" branch="false"/>
                <line number="309" hits="1" branch="false"/>
                <line number="313" hits="170" branch="false"/>
                <line number="314" hits="20" branch="false"/>
                <line number="315" hits="20" branch="false"/>
                <line number="316" hits="20" branch="false"/>
                <line number="317" hits="20" branch="false"/>
                <line number="318" hits="20" branch="false"/>
                <line number="319" hits="20" branch="false"/>
                <line number="320" hits="20" branch="false"/>
                <line number="323" hits="20" branch="false"/>
                <line number="325" hits="20" branch="false"/>
                <line number="326" hits="20" branch="false"/>
                <line number="327" hits="20" branch="false"/>
                <line number="329" hits="20" branch="false"/>
                <line number="330" hits="20" branch="false"/>
                <line number="331" hits="20" branch="false"/>
                <line number="332" hits="20" branch="false"/>
                <line number="333" hits="20" branch="false"/>
                <line number="334" hits="20" branch="false"/>
                <line number="335" hits="20" branch="false"/>
                <line number="336" hits="20" branch="false"/>
              </lines>
            </method>
          </methods>
          <lines>
            <line number="13" hits="702" branch="false"/>
            <line number="16" hits="702" branch="false"/>
            <line number="17" hits="702" branch="false"/>
            <line number="18" hits="702" branch="false"/>
            <line number="19" hits="702" branch="false"/>
            <line number="21" hits="702" branch="false"/>
            <line number="22" hits="702" branch="false"/>
            <line number="23" hits="702" branch="false"/>
            <line number="24" hits="702" branch="false"/>
            <line number="29" hits="702" branch="false"/>
            <line number="30" hits="261" branch="false"/>
            <line number="33" hits="702" branch="false"/>
            <line number="34" hits="702" branch="false"/>
            <line number="35" hits="702" branch="false"/>
            <line number="36" hits="702" branch="false"/>
            <line number="39" hits="702" branch="false"/>
            <line number="40" hits="261" branch="false"/>
            <line number="45" hits="702" branch="false"/>
            <line number="46" hits="303" branch="false"/>
            <line number="49" hits="702" branch="false"/>
            <line number="51" hits="702" branch="false"/>
            <line number="52" hits="200" branch="false"/>
            <line number="53" hits="200" branch="false"/>
            <line number="55" hits="200" branch="false"/>
            <line number="56" hits="200" branch="false"/>
            <line number="57" hits="200" branch="false"/>
            <line number="58" hits="200" branch="false"/>
            <line number="59" hits="200" branch="false"/>
            <line number="60" hits="200" branch="false"/>
            <line number="61" hits="200" branch="false"/>
            <line number="63" hits="200" branch="false"/>
            <line number="64" hits="200" branch="false"/>
            <line number="65" hits="200" branch="false"/>
            <line number="66" hits="200" branch="false"/>
            <line number="67" hits="200" branch="false"/>
            <line number="68" hits="200" branch="false"/>
            <line number="69" hits="200" branch="false"/>
            <line number="70" hits="200" branch="false"/>
            <line number="93" hits="141" branch="false"/>
            <line number="95" hits="141" branch="false"/>
            <line number="97" hits="141" branch="false"/>
            <line number="98" hits="89" branch="false"/>
            <line number="101" hits="141" branch="false"/>
            <line number="102" hits="141" branch="false"/>
            <line number="103" hits="141" branch="false"/>
            <line number="104" hits="141" branch="false"/>
            <line number="105" hits="141" branch="false"/>
            <line number="109" hits="98" branch="false"/>
            <line number="110" hits="98" branch="false"/>
            <line number="111" hits="98" branch="false"/>
            <line number="112" hits="98" branch="false"/>
            <line number="114" hits="98" branch="false"/>
            <line number="115" hits="98" branch="false"/>
            <line number="116" hits="98" branch="false"/>
            <line number="118" hits="98" branch="false"/>
            <line number="119" hits="7" branch="false"/>
            <line number="120" hits="7" branch="false"/>
            <line number="121" hits="7" branch="false"/>
            <line number="122" hits="7" branch="false"/>
            <line number="123" hits="7" branch="false"/>
            <line number="124" hits="7" branch="false"/>
            <line number="125" hits="7" branch="false"/>
            <line number="126" hits="7" branch="false"/>
            <line number="167" hits="206" branch="false"/>
            <line number="175" hits="206" branch="false"/>
            <line number="176" hits="205" branch="false"/>
            <line number="180" hits="170" branch="false"/>
            <line number="181" hits="169" branch="false"/>
            <line number="183" hits="169" branch="false"/>
            <line number="184" hits="169" branch="false"/>
            <line number="185" hits="169" branch="false"/>
            <line number="186" hits="169" branch="false"/>
            <line number="188" hits="169" branch="false"/>
            <line number="189" hits="10" branch="false"/>
            <line number="191" hits="10" branch="false"/>
            <line number="195" hits="161" branch="false"/>
            <line number="198" hits="161" branch="false"/>
            <line number="199" hits="17" branch="false"/>
            <line number="204" hits="144" branch="false"/>
            <line number="205" hits="144" branch="false"/>
            <line number="206" hits="144" branch="false"/>
            <line number="207" hits="144" branch="false"/>
            <line number="208" hits="144" branch="false"/>
            <line number="212" hits="117" branch="false"/>
            <line number="213" hits="117" branch="false"/>
            <line number="214" hits="117" branch="false"/>
            <line number="215" hits="117" branch="false"/>
            <line number="216" hits="117" branch="false"/>
            <line number="218" hits="117" branch="false"/>
            <line number="220" hits="117" branch="false"/>
            <line number="221" hits="7" branch="false"/>
            <line number="222" hits="7" branch="false"/>
            <line number="223" hits="7" branch="false"/>
            <line number="224" hits="7" branch="false"/>
            <line number="225" hits="7" branch="false"/>
            <line number="226" hits="7" branch="false"/>
            <line number="227" hits="7" branch="false"/>
            <line number="229" hits="7" branch="false"/>
            <line number="230" hits="7" branch="false"/>
            <line number="231" hits="7" branch="false"/>
            <line number="232" hits="7" branch="false"/>
            <line number="233" hits="7" branch="false"/>
            <line number="234" hits="7" branch="false"/>
            <line number="235" hits="7" branch="false"/>
            <line number="236" hits="7" branch="false"/>
            <line number="241" hits="110" branch="false"/>
            <line number="242" hits="170" branch="false"/>
            <line number="243" hits="170" branch="false"/>
            <line number="244" hits="170" branch="false"/>
            <line number="245" hits="170" branch="false"/>
            <line number="246" hits="170" branch="false"/>
            <line number="247" hits="170" branch="false"/>
            <line number="248" hits="170" branch="false"/>
            <line number="291" hits="170" branch="false"/>
            <line number="292" hits="170" branch="false"/>
            <line number="294" hits="170" branch="false"/>
            <line number="295" hits="170" branch="false"/>
            <line number="297" hits="170" branch="false"/>
            <line number="298" hits="156" branch="false"/>
            <line number="300" hits="154" branch="false"/>
            <line number="302" hits="14" branch="false"/>
            <line number="303" hits="9" branch="false"/>
            <line number="304" hits="7" branch="false"/>
            <line number="306" hits="5" branch="false"/>
            <line number="307" hits="5" branch="false"/>
            <line number="309" hits="1" branch="false"/>
            <line number="313" hits="170" branch="false"/>
            <line number="314" hits="20" branch="false"/>
            <line number="315" hits="20" branch="false"/>
            <line number="316" hits="20" branch="false"/>
            <line number="317" hits="20" branch="false"/>
            <line number="318" hits="20" branch="false"/>
            <line number="319" hits="20" branch="false"/>
            <line number="320" hits="20" branch="false"/>
            <line number="323" hits="20" branch="false"/>
            <line number="325" hits="20" branch="false"/>
            <line number="326" hits="20" branch="false"/>
            <line number="327" hits="20" branch="false"/>
            <line number="329" hits="20" branch="false"/>
            <line number="330" hits="20" branch="false"/>
            <line number="331" hits="20" branch="false"/>
            <line number="332" hits="20" branch="false"/>
            <line number="333" hits="20" branch="false"/>
            <line number="334" hits="20" branch="false"/>
            <line number="335" hits="20" branch="false"/>
            <line number="336" hits="20" branch="false"/>
          </lines>
        </class>
        <class name="vis_plot_geometric_hist.R" filename="R/vis_plot_geometric_hist.R" line-rate="0" branch-rate="0" complexity="0">
          <methods>
            <method name="vis_plot_geometric_hist" signature="" line-rate="0" branch-rate="0" complexity="0">
              <lines>
                <line number="17" hits="0" branch="false"/>
                <line number="18" hits="0" branch="false"/>
                <line number="20" hits="0" branch="false"/>
                <line number="21" hits="0" branch="false"/>
                <line number="23" hits="0" branch="false"/>
                <line number="24" hits="0" branch="false"/>
                <line number="27" hits="0" branch="false"/>
                <line number="28" hits="0" branch="false"/>
                <line number="29" hits="0" branch="false"/>
                <line number="31" hits="0" branch="false"/>
                <line number="32" hits="0" branch="false"/>
                <line number="33" hits="0" branch="false"/>
                <line number="34" hits="0" branch="false"/>
                <line number="35" hits="0" branch="false"/>
                <line number="36" hits="0" branch="false"/>
                <line number="37" hits="0" branch="false"/>
                <line number="38" hits="0" branch="false"/>
                <line number="39" hits="0" branch="false"/>
                <line number="40" hits="0" branch="false"/>
                <line number="41" hits="0" branch="false"/>
                <line number="42" hits="0" branch="false"/>
                <line number="43" hits="0" branch="false"/>
                <line number="44" hits="0" branch="false"/>
                <line number="45" hits="0" branch="false"/>
                <line number="46" hits="0" branch="false"/>
                <line number="47" hits="0" branch="false"/>
                <line number="48" hits="0" branch="false"/>
                <line number="49" hits="0" branch="false"/>
                <line number="50" hits="0" branch="false"/>
                <line number="51" hits="0" branch="false"/>
                <line number="52" hits="0" branch="false"/>
                <line number="53" hits="0" branch="false"/>
                <line number="54" hits="0" branch="false"/>
                <line number="55" hits="0" branch="false"/>
                <line number="56" hits="0" branch="false"/>
                <line number="57" hits="0" branch="false"/>
                <line number="58" hits="0" branch="false"/>
                <line number="59" hits="0" branch="false"/>
                <line number="60" hits="0" branch="false"/>
                <line number="61" hits="0" branch="false"/>
                <line number="62" hits="0" branch="false"/>
                <line number="63" hits="0" branch="false"/>
                <line number="64" hits="0" branch="false"/>
                <line number="65" hits="0" branch="false"/>
                <line number="66" hits="0" branch="false"/>
                <line number="67" hits="0" branch="false"/>
              </lines>
            </method>
          </methods>
          <lines>
            <line number="17" hits="0" branch="false"/>
            <line number="18" hits="0" branch="false"/>
            <line number="20" hits="0" branch="false"/>
            <line number="21" hits="0" branch="false"/>
            <line number="23" hits="0" branch="false"/>
            <line number="24" hits="0" branch="false"/>
            <line number="27" hits="0" branch="false"/>
            <line number="28" hits="0" branch="false"/>
            <line number="29" hits="0" branch="false"/>
            <line number="31" hits="0" branch="false"/>
            <line number="32" hits="0" branch="false"/>
            <line number="33" hits="0" branch="false"/>
            <line number="34" hits="0" branch="false"/>
            <line number="35" hits="0" branch="false"/>
            <line number="36" hits="0" branch="false"/>
            <line number="37" hits="0" branch="false"/>
            <line number="38" hits="0" branch="false"/>
            <line number="39" hits="0" branch="false"/>
            <line number="40" hits="0" branch="false"/>
            <line number="41" hits="0" branch="false"/>
            <line number="42" hits="0" branch="false"/>
            <line number="43" hits="0" branch="false"/>
            <line number="44" hits="0" branch="false"/>
            <line number="45" hits="0" branch="false"/>
            <line number="46" hits="0" branch="false"/>
            <line number="47" hits="0" branch="false"/>
            <line number="48" hits="0" branch="false"/>
            <line number="49" hits="0" branch="false"/>
            <line number="50" hits="0" branch="false"/>
            <line number="51" hits="0" branch="false"/>
            <line number="52" hits="0" branch="false"/>
            <line number="53" hits="0" branch="false"/>
            <line number="54" hits="0" branch="false"/>
            <line number="55" hits="0" branch="false"/>
            <line number="56" hits="0" branch="false"/>
            <line number="57" hits="0" branch="false"/>
            <line number="58" hits="0" branch="false"/>
            <line number="59" hits="0" branch="false"/>
            <line number="60" hits="0" branch="false"/>
            <line number="61" hits="0" branch="false"/>
            <line number="62" hits="0" branch="false"/>
            <line number="63" hits="0" branch="false"/>
            <line number="64" hits="0" branch="false"/>
            <line number="65" hits="0" branch="false"/>
            <line number="66" hits="0" branch="false"/>
            <line number="67" hits="0" branch="false"/>
          </lines>
        </class>
        <class name="vis_plot_hist.R" filename="R/vis_plot_hist.R" line-rate="0" branch-rate="0" complexity="0">
          <methods>
            <method name="vis_plot_hist" signature="" line-rate="0" branch-rate="0" complexity="0">
              <lines>
                <line number="12" hits="0" branch="false"/>
                <line number="13" hits="0" branch="false"/>
                <line number="16" hits="0" branch="false"/>
                <line number="19" hits="0" branch="false"/>
                <line number="20" hits="0" branch="false"/>
                <line number="21" hits="0" branch="false"/>
                <line number="22" hits="0" branch="false"/>
                <line number="23" hits="0" branch="false"/>
                <line number="24" hits="0" branch="false"/>
                <line number="25" hits="0" branch="false"/>
                <line number="26" hits="0" branch="false"/>
                <line number="27" hits="0" branch="false"/>
                <line number="29" hits="0" branch="false"/>
                <line number="30" hits="0" branch="false"/>
                <line number="32" hits="0" branch="false"/>
                <line number="35" hits="0" branch="false"/>
                <line number="36" hits="0" branch="false"/>
                <line number="37" hits="0" branch="false"/>
                <line number="38" hits="0" branch="false"/>
                <line number="39" hits="0" branch="false"/>
                <line number="42" hits="0" branch="false"/>
                <line number="43" hits="0" branch="false"/>
                <line number="44" hits="0" branch="false"/>
                <line number="45" hits="0" branch="false"/>
                <line number="47" hits="0" branch="false"/>
                <line number="48" hits="0" branch="false"/>
                <line number="50" hits="0" branch="false"/>
                <line number="51" hits="0" branch="false"/>
                <line number="52" hits="0" branch="false"/>
                <line number="53" hits="0" branch="false"/>
                <line number="54" hits="0" branch="false"/>
                <line number="55" hits="0" branch="false"/>
                <line number="56" hits="0" branch="false"/>
                <line number="57" hits="0" branch="false"/>
                <line number="58" hits="0" branch="false"/>
                <line number="59" hits="0" branch="false"/>
                <line number="60" hits="0" branch="false"/>
                <line number="61" hits="0" branch="false"/>
                <line number="62" hits="0" branch="false"/>
                <line number="63" hits="0" branch="false"/>
                <line number="64" hits="0" branch="false"/>
                <line number="65" hits="0" branch="false"/>
                <line number="66" hits="0" branch="false"/>
                <line number="67" hits="0" branch="false"/>
                <line number="68" hits="0" branch="false"/>
                <line number="69" hits="0" branch="false"/>
                <line number="70" hits="0" branch="false"/>
                <line number="71" hits="0" branch="false"/>
                <line number="72" hits="0" branch="false"/>
                <line number="73" hits="0" branch="false"/>
                <line number="74" hits="0" branch="false"/>
                <line number="75" hits="0" branch="false"/>
                <line number="76" hits="0" branch="false"/>
                <line number="77" hits="0" branch="false"/>
                <line number="78" hits="0" branch="false"/>
                <line number="79" hits="0" branch="false"/>
                <line number="80" hits="0" branch="false"/>
                <line number="81" hits="0" branch="false"/>
                <line number="82" hits="0" branch="false"/>
                <line number="83" hits="0" branch="false"/>
              </lines>
            </method>
          </methods>
          <lines>
            <line number="12" hits="0" branch="false"/>
            <line number="13" hits="0" branch="false"/>
            <line number="16" hits="0" branch="false"/>
            <line number="19" hits="0" branch="false"/>
            <line number="20" hits="0" branch="false"/>
            <line number="21" hits="0" branch="false"/>
            <line number="22" hits="0" branch="false"/>
            <line number="23" hits="0" branch="false"/>
            <line number="24" hits="0" branch="false"/>
            <line number="25" hits="0" branch="false"/>
            <line number="26" hits="0" branch="false"/>
            <line number="27" hits="0" branch="false"/>
            <line number="29" hits="0" branch="false"/>
            <line number="30" hits="0" branch="false"/>
            <line number="32" hits="0" branch="false"/>
            <line number="35" hits="0" branch="false"/>
            <line number="36" hits="0" branch="false"/>
            <line number="37" hits="0" branch="false"/>
            <line number="38" hits="0" branch="false"/>
            <line number="39" hits="0" branch="false"/>
            <line number="42" hits="0" branch="false"/>
            <line number="43" hits="0" branch="false"/>
            <line number="44" hits="0" branch="false"/>
            <line number="45" hits="0" branch="false"/>
            <line number="47" hits="0" branch="false"/>
            <line number="48" hits="0" branch="false"/>
            <line number="50" hits="0" branch="false"/>
            <line number="51" hits="0" branch="false"/>
            <line number="52" hits="0" branch="false"/>
            <line number="53" hits="0" branch="false"/>
            <line number="54" hits="0" branch="false"/>
            <line number="55" hits="0" branch="false"/>
            <line number="56" hits="0" branch="false"/>
            <line number="57" hits="0" branch="false"/>
            <line number="58" hits="0" branch="false"/>
            <line number="59" hits="0" branch="false"/>
            <line number="60" hits="0" branch="false"/>
            <line number="61" hits="0" branch="false"/>
            <line number="62" hits="0" branch="false"/>
            <line number="63" hits="0" branch="false"/>
            <line number="64" hits="0" branch="false"/>
            <line number="65" hits="0" branch="false"/>
            <line number="66" hits="0" branch="false"/>
            <line number="67" hits="0" branch="false"/>
            <line number="68" hits="0" branch="false"/>
            <line number="69" hits="0" branch="false"/>
            <line number="70" hits="0" branch="false"/>
            <line number="71" hits="0" branch="false"/>
            <line number="72" hits="0" branch="false"/>
            <line number="73" hits="0" branch="false"/>
            <line number="74" hits="0" branch="false"/>
            <line number="75" hits="0" branch="false"/>
            <line number="76" hits="0" branch="false"/>
            <line number="77" hits="0" branch="false"/>
[...]
                <line number="124" hits="1" branch="false"/>
                <line number="125" hits="1" branch="false"/>
                <line number="126" hits="1" branch="false"/>
                <line number="127" hits="1" branch="false"/>
                <line number="128" hits="1" branch="false"/>
                <line number="132" hits="9" branch="false"/>
                <line number="133" hits="9" branch="false"/>
                <line number="135" hits="9" branch="false"/>
                <line number="138" hits="8" branch="false"/>
              </lines>
            </method>
          </methods>
          <lines>
            <line number="67" hits="31" branch="false"/>
            <line number="68" hits="25" branch="false"/>
            <line number="69" hits="16" branch="false"/>
            <line number="70" hits="5" branch="false"/>
            <line number="73" hits="9" branch="false"/>
            <line number="74" hits="1" branch="false"/>
            <line number="76" hits="9" branch="false"/>
            <line number="77" hits="1" branch="false"/>
            <line number="80" hits="9" branch="false"/>
            <line number="81" hits="9" branch="false"/>
            <line number="82" hits="9" branch="false"/>
            <line number="84" hits="9" branch="false"/>
            <line number="85" hits="9" branch="false"/>
            <line number="88" hits="9" branch="false"/>
            <line number="89" hits="9" branch="false"/>
            <line number="90" hits="9" branch="false"/>
            <line number="91" hits="9" branch="false"/>
            <line number="92" hits="9" branch="false"/>
            <line number="93" hits="9" branch="false"/>
            <line number="94" hits="9" branch="false"/>
            <line number="96" hits="9" branch="false"/>
            <line number="97" hits="9" branch="false"/>
            <line number="99" hits="9" branch="false"/>
            <line number="100" hits="8" branch="false"/>
            <line number="101" hits="7" branch="false"/>
            <line number="102" hits="7" branch="false"/>
            <line number="103" hits="7" branch="false"/>
            <line number="104" hits="7" branch="false"/>
            <line number="106" hits="1" branch="false"/>
            <line number="107" hits="1" branch="false"/>
            <line number="108" hits="1" branch="false"/>
            <line number="109" hits="1" branch="false"/>
            <line number="110" hits="1" branch="false"/>
            <line number="111" hits="1" branch="false"/>
            <line number="112" hits="1" branch="false"/>
            <line number="113" hits="1" branch="false"/>
            <line number="116" hits="8" branch="false"/>
            <line number="117" hits="1" branch="false"/>
            <line number="120" hits="9" branch="false"/>
            <line number="121" hits="1" branch="false"/>
            <line number="122" hits="1" branch="false"/>
            <line number="124" hits="1" branch="false"/>
            <line number="125" hits="1" branch="false"/>
            <line number="126" hits="1" branch="false"/>
            <line number="127" hits="1" branch="false"/>
            <line number="128" hits="1" branch="false"/>
            <line number="132" hits="9" branch="false"/>
            <line number="133" hits="9" branch="false"/>
            <line number="135" hits="9" branch="false"/>
            <line number="138" hits="8" branch="false"/>
          </lines>
        </class>
        <class name="wl_stats_hist.R" filename="R/wl_stats_hist.R" line-rate="0" branch-rate="0" complexity="0">
          <methods>
            <method name="wl_stats_hist" signature="" line-rate="0" branch-rate="0" complexity="0">
              <lines>
                <line number="76" hits="0" branch="false"/>
                <line number="77" hits="0" branch="false"/>
                <line number="81" hits="0" branch="false"/>
                <line number="84" hits="0" branch="false"/>
                <line number="85" hits="0" branch="false"/>
                <line number="89" hits="0" branch="false"/>
                <line number="90" hits="0" branch="false"/>
                <line number="92" hits="0" branch="false"/>
                <line number="96" hits="0" branch="false"/>
                <line number="97" hits="0" branch="false"/>
                <line number="100" hits="0" branch="false"/>
                <line number="103" hits="0" branch="false"/>
                <line number="106" hits="0" branch="false"/>
                <line number="109" hits="0" branch="false"/>
                <line number="110" hits="0" branch="false"/>
                <line number="111" hits="0" branch="false"/>
                <line number="112" hits="0" branch="false"/>
                <line number="113" hits="0" branch="false"/>
                <line number="116" hits="0" branch="false"/>
                <line number="119" hits="0" branch="false"/>
                <line number="120" hits="0" branch="false"/>
                <line number="123" hits="0" branch="false"/>
                <line number="126" hits="0" branch="false"/>
                <line number="129" hits="0" branch="false"/>
                <line number="130" hits="0" branch="false"/>
                <line number="131" hits="0" branch="false"/>
                <line number="132" hits="0" branch="false"/>
                <line number="133" hits="0" branch="false"/>
                <line number="134" hits="0" branch="false"/>
                <line number="135" hits="0" branch="false"/>
                <line number="136" hits="0" branch="false"/>
                <line number="139" hits="0" branch="false"/>
                <line number="143" hits="0" branch="false"/>
                <line number="144" hits="0" branch="false"/>
                <line number="145" hits="0" branch="false"/>
                <line number="147" hits="0" branch="false"/>
                <line number="151" hits="0" branch="false"/>
                <line number="153" hits="0" branch="false"/>
                <line number="154" hits="0" branch="false"/>
                <line number="155" hits="0" branch="false"/>
                <line number="156" hits="0" branch="false"/>
                <line number="157" hits="0" branch="false"/>
                <line number="158" hits="0" branch="false"/>
                <line number="159" hits="0" branch="false"/>
                <line number="160" hits="0" branch="false"/>
                <line number="161" hits="0" branch="false"/>
                <line number="162" hits="0" branch="false"/>
                <line number="163" hits="0" branch="false"/>
                <line number="164" hits="0" branch="false"/>
                <line number="165" hits="0" branch="false"/>
                <line number="166" hits="0" branch="false"/>
                <line number="167" hits="0" branch="false"/>
                <line number="168" hits="0" branch="false"/>
                <line number="169" hits="0" branch="false"/>
                <line number="171" hits="0" branch="false"/>
              </lines>
            </method>
          </methods>
          <lines>
            <line number="76" hits="0" branch="false"/>
            <line number="77" hits="0" branch="false"/>
            <line number="81" hits="0" branch="false"/>
            <line number="84" hits="0" branch="false"/>
            <line number="85" hits="0" branch="false"/>
            <line number="89" hits="0" branch="false"/>
            <line number="90" hits="0" branch="false"/>
            <line number="92" hits="0" branch="false"/>
            <line number="96" hits="0" branch="false"/>
            <line number="97" hits="0" branch="false"/>
            <line number="100" hits="0" branch="false"/>
            <line number="103" hits="0" branch="false"/>
            <line number="106" hits="0" branch="false"/>
            <line number="109" hits="0" branch="false"/>
            <line number="110" hits="0" branch="false"/>
            <line number="111" hits="0" branch="false"/>
            <line number="112" hits="0" branch="false"/>
            <line number="113" hits="0" branch="false"/>
            <line number="116" hits="0" branch="false"/>
            <line number="119" hits="0" branch="false"/>
            <line number="120" hits="0" branch="false"/>
            <line number="123" hits="0" branch="false"/>
            <line number="126" hits="0" branch="false"/>
            <line number="129" hits="0" branch="false"/>
            <line number="130" hits="0" branch="false"/>
            <line number="131" hits="0" branch="false"/>
            <line number="132" hits="0" branch="false"/>
            <line number="133" hits="0" branch="false"/>
            <line number="134" hits="0" branch="false"/>
            <line number="135" hits="0" branch="false"/>
            <line number="136" hits="0" branch="false"/>
            <line number="139" hits="0" branch="false"/>
            <line number="143" hits="0" branch="false"/>
            <line number="144" hits="0" branch="false"/>
            <line number="145" hits="0" branch="false"/>
            <line number="147" hits="0" branch="false"/>
            <line number="151" hits="0" branch="false"/>
            <line number="153" hits="0" branch="false"/>
            <line number="154" hits="0" branch="false"/>
            <line number="155" hits="0" branch="false"/>
            <line number="156" hits="0" branch="false"/>
            <line number="157" hits="0" branch="false"/>
            <line number="158" hits="0" branch="false"/>
            <line number="159" hits="0" branch="false"/>
            <line number="160" hits="0" branch="false"/>
            <line number="161" hits="0" branch="false"/>
            <line number="162" hits="0" branch="false"/>
            <line number="163" hits="0" branch="false"/>
            <line number="164" hits="0" branch="false"/>
            <line number="165" hits="0" branch="false"/>
            <line number="166" hits="0" branch="false"/>
            <line number="167" hits="0" branch="false"/>
            <line number="168" hits="0" branch="false"/>
            <line number="169" hits="0" branch="false"/>
            <line number="171" hits="0" branch="false"/>
          </lines>
        </class>
        <class name="wl_stats.R" filename="R/wl_stats.R" line-rate="0.935897435897436" branch-rate="0" complexity="0">
          <methods>
            <method name="wl_stats" signature="" line-rate="0.935897435897436" branch-rate="0" complexity="0">
              <lines>
                <line number="67" hits="18" branch="false"/>
                <line number="68" hits="12" branch="false"/>
                <line number="69" hits="9" branch="false"/>
                <line number="71" hits="3" branch="false"/>
                <line number="72" hits="0" branch="false"/>
                <line number="75" hits="3" branch="false"/>
                <line number="76" hits="0" branch="false"/>
                <line number="81" hits="3" branch="false"/>
                <line number="82" hits="3" branch="false"/>
                <line number="84" hits="3" branch="false"/>
                <line number="85" hits="2" branch="false"/>
                <line number="87" hits="1" branch="false"/>
                <line number="89" hits="3" branch="false"/>
                <line number="90" hits="2" branch="false"/>
                <line number="92" hits="1" branch="false"/>
                <line number="96" hits="3" branch="false"/>
                <line number="97" hits="3" branch="false"/>
                <line number="98" hits="3" branch="false"/>
                <line number="99" hits="3" branch="false"/>
                <line number="100" hits="3" branch="false"/>
                <line number="101" hits="3" branch="false"/>
                <line number="102" hits="3" branch="false"/>
                <line number="103" hits="3" branch="false"/>
                <line number="104" hits="3" branch="false"/>
                <line number="105" hits="3" branch="false"/>
                <line number="106" hits="3" branch="false"/>
                <line number="107" hits="3" branch="false"/>
                <line number="108" hits="3" branch="false"/>
                <line number="109" hits="3" branch="false"/>
                <line number="110" hits="3" branch="false"/>
                <line number="111" hits="3" branch="false"/>
                <line number="112" hits="3" branch="false"/>
                <line number="113" hits="3" branch="false"/>
                <line number="114" hits="3" branch="false"/>
                <line number="115" hits="3" branch="false"/>
                <line number="118" hits="3" branch="false"/>
                <line number="119" hits="3" branch="false"/>
                <line number="120" hits="3" branch="false"/>
                <line number="121" hits="3" branch="false"/>
                <line number="122" hits="3" branch="false"/>
                <line number="125" hits="3" branch="false"/>
                <line number="128" hits="3" branch="false"/>
                <line number="131" hits="3" branch="false"/>
                <line number="132" hits="3" branch="false"/>
                <line number="135" hits="3" branch="false"/>
                <line number="138" hits="3" branch="false"/>
                <line number="141" hits="3" branch="false"/>
                <line number="142" hits="3" branch="false"/>
                <line number="143" hits="3" branch="false"/>
                <line number="144" hits="3" branch="false"/>
                <line number="145" hits="3" branch="false"/>
                <line number="146" hits="3" branch="false"/>
                <line number="147" hits="3" branch="false"/>
                <line number="148" hits="3" branch="false"/>
                <line number="151" hits="0" branch="false"/>
                <line number="155" hits="3" branch="false"/>
                <line number="156" hits="0" branch="false"/>
                <line number="157" hits="0" branch="false"/>
                <line number="159" hits="3" branch="false"/>
                <line number="163" hits="3" branch="false"/>
                <line number="165" hits="3" branch="false"/>
                <line number="166" hits="3" branch="false"/>
                <line number="167" hits="3" branch="false"/>
                <line number="168" hits="3" branch="false"/>
                <line number="169" hits="3" branch="false"/>
                <line number="170" hits="3" branch="false"/>
                <line number="171" hits="3" branch="false"/>
                <line number="172" hits="3" branch="false"/>
                <line number="173" hits="3" branch="false"/>
                <line number="174" hits="3" branch="false"/>
                <line number="175" hits="3" branch="false"/>
                <line number="176" hits="3" branch="false"/>
                <line number="177" hits="3" branch="false"/>
                <line number="178" hits="3" branch="false"/>
                <line number="179" hits="3" branch="false"/>
                <line number="180" hits="3" branch="false"/>
                <line number="181" hits="3" branch="false"/>
                <line number="183" hits="3" branch="false"/>
              </lines>
            </method>
          </methods>
          <lines>
            <line number="67" hits="18" branch="false"/>
            <line number="68" hits="12" branch="false"/>
            <line number="69" hits="9" branch="false"/>
            <line number="71" hits="3" branch="false"/>
            <line number="72" hits="0" branch="false"/>
            <line number="75" hits="3" branch="false"/>
            <line number="76" hits="0" branch="false"/>
            <line number="81" hits="3" branch="false"/>
            <line number="82" hits="3" branch="false"/>
            <line number="84" hits="3" branch="false"/>
            <line number="85" hits="2" branch="false"/>
            <line number="87" hits="1" branch="false"/>
            <line number="89" hits="3" branch="false"/>
            <line number="90" hits="2" branch="false"/>
            <line number="92" hits="1" branch="false"/>
            <line number="96" hits="3" branch="false"/>
            <line number="97" hits="3" branch="false"/>
            <line number="98" hits="3" branch="false"/>
            <line number="99" hits="3" branch="false"/>
            <line number="100" hits="3" branch="false"/>
            <line number="101" hits="3" branch="false"/>
            <line number="102" hits="3" branch="false"/>
            <line number="103" hits="3" branch="false"/>
            <line number="104" hits="3" branch="false"/>
            <line number="105" hits="3" branch="false"/>
            <line number="106" hits="3" branch="false"/>
            <line number="107" hits="3" branch="false"/>
            <line number="108" hits="3" branch="false"/>
            <line number="109" hits="3" branch="false"/>
            <line number="110" hits="3" branch="false"/>
            <line number="111" hits="3" branch="false"/>
            <line number="112" hits="3" branch="false"/>
            <line number="113" hits="3" branch="false"/>
            <line number="114" hits="3" branch="false"/>
            <line number="115" hits="3" branch="false"/>
            <line number="118" hits="3" branch="false"/>
            <line number="119" hits="3" branch="false"/>
            <line number="120" hits="3" branch="false"/>
            <line number="121" hits="3" branch="false"/>
            <line number="122" hits="3" branch="false"/>
            <line number="125" hits="3" branch="false"/>
            <line number="128" hits="3" branch="false"/>
            <line number="131" hits="3" branch="false"/>
            <line number="132" hits="3" branch="false"/>
            <line number="135" hits="3" branch="false"/>
            <line number="138" hits="3" branch="false"/>
            <line number="141" hits="3" branch="false"/>
            <line number="142" hits="3" branch="false"/>
            <line number="143" hits="3" branch="false"/>
            <line number="144" hits="3" branch="false"/>
            <line number="145" hits="3" branch="false"/>
            <line number="146" hits="3" branch="false"/>
            <line number="147" hits="3" branch="false"/>
            <line number="148" hits="3" branch="false"/>
            <line number="151" hits="0" branch="false"/>
            <line number="155" hits="3" branch="false"/>
            <line number="156" hits="0" branch="false"/>
            <line number="157" hits="0" branch="false"/>
            <line number="159" hits="3" branch="false"/>
            <line number="163" hits="3" branch="false"/>
            <line number="165" hits="3" branch="false"/>
            <line number="166" hits="3" branch="false"/>
            <line number="167" hits="3" branch="false"/>
            <line number="168" hits="3" branch="false"/>
            <line number="169" hits="3" branch="false"/>
            <line number="170" hits="3" branch="false"/>
            <line number="171" hits="3" branch="false"/>
            <line number="172" hits="3" branch="false"/>
            <line number="173" hits="3" branch="false"/>
            <line number="174" hits="3" branch="false"/>
            <line number="175" hits="3" branch="false"/>
            <line number="176" hits="3" branch="false"/>
            <line number="177" hits="3" branch="false"/>
            <line number="178" hits="3" branch="false"/>
            <line number="179" hits="3" branch="false"/>
            <line number="180" hits="3" branch="false"/>
            <line number="181" hits="3" branch="false"/>
            <line number="183" hits="3" branch="false"/>
          </lines>
        </class>
      </classes>
    </package>
  </packages>
</coverage>
